<?xml version="1.0" encoding="UTF-8"?>
<testsuite xmlns:xsi="http://www.w3.org/2001/XMLSchema-instance" xsi:noNamespaceSchemaLocation="https://maven.apache.org/surefire/maven-surefire-plugin/xsd/surefire-test-report-3.0.xsd" version="3.0" name="com.example.demo.DemoApplicationTests" time="8.38" tests="1" errors="0" skipped="0" failures="0">
  <properties>
[...]
</properties>
  <testcase name="contextLoads" classname="com.example.demo.DemoApplicationTests" time="0.406">
    <system-out><![CDATA[21:22:42.343 [main] INFO org.springframework.test.context.support.AnnotationConfigContextLoaderUtils -- Could not detect default configuration classes for test class [com.example.demo.DemoApplicationTests]: DemoApplicationTests does not declare any static, non-private, non-final, nested classes annotated with @Configuration.
21:22:42.425 [main] INFO org.springframework.boot.test.context.SpringBootTestContextBootstrapper -- Found @SpringBootConfiguration com.example.demo.DemoApplication for test class com.example.demo.DemoApplicationTests
21:22:42.593 [main] INFO org.springframework.boot.devtools.restart.RestartApplicationListener -- Restart disabled due to context in which it is running
  .   ____          _            __ _ _
 /\\ / ___'_ __ _ _(_)_ __  __ _ \ \ \ \
( ( )\___ | '_ | '_| | '_ \/ _` | \ \ \ \
 \\/  ___)| |_)| | | | | || (_| |  ) ) ) )
  '  |____| .__|_| |_|_| |_\__, | / / / /
 =========|_|==============|___/=/_/_/_/

 :: Spring Boot ::                (v3.3.0)

2024-12-09T21:22:42.817+01:00  INFO 6192 --- [GameHub] [           main] com.example.demo.DemoApplicationTests    : Starting DemoApplicationTests using Java 17.0.12 with PID 6192 (started by Sergio in C:\Users\Sergio\Desktop\Proyecto Git\GHProject2)
2024-12-09T21:22:42.818+01:00  INFO 6192 --- [GameHub] [           main] com.example.demo.DemoApplicationTests    : No active profile set, falling back to 1 default profile: "default"
2024-12-09T21:22:43.574+01:00  INFO 6192 --- [GameHub] [           main] .s.d.r.c.RepositoryConfigurationDelegate : Bootstrapping Spring Data JPA repositories in DEFAULT mode.
2024-12-09T21:22:43.651+01:00  INFO 6192 --- [GameHub] [           main] .s.d.r.c.RepositoryConfigurationDelegate : Finished Spring Data repository scanning in 69 ms. Found 7 JPA repository interfaces.
2024-12-09T21:22:44.102+01:00  INFO 6192 --- [GameHub] [           main] o.hibernate.jpa.internal.util.LogHelper  : HHH000204: Processing PersistenceUnitInfo [name: default]
2024-12-09T21:22:44.159+01:00  INFO 6192 --- [GameHub] [           main] org.hibernate.Version                    : HHH000412: Hibernate ORM core version 6.5.2.Final
2024-12-09T21:22:44.193+01:00  INFO 6192 --- [GameHub] [           main] o.h.c.internal.RegionFactoryInitiator    : HHH000026: Second-level cache disabled
2024-12-09T21:22:44.556+01:00  INFO 6192 --- [GameHub] [           main] o.s.o.j.p.SpringPersistenceUnitInfo      : No LoadTimeWeaver setup: ignoring JPA class transformer
2024-12-09T21:22:44.583+01:00  INFO 6192 --- [GameHub] [           main] com.zaxxer.hikari.HikariDataSource       : HikariPool-1 - Starting...
2024-12-09T21:22:45.149+01:00  INFO 6192 --- [GameHub] [           main] com.zaxxer.hikari.pool.HikariPool        : HikariPool-1 - Added connection com.mysql.cj.jdbc.ConnectionImpl@6f8ac8d5
2024-12-09T21:22:45.151+01:00  INFO 6192 --- [GameHub] [           main] com.zaxxer.hikari.HikariDataSource       : HikariPool-1 - Start completed.
2024-12-09T21:22:45.328+01:00  WARN 6192 --- [GameHub] [           main] org.hibernate.orm.deprecation            : HHH90000025: MySQL8Dialect does not need to be specified explicitly using 'hibernate.dialect' (remove the property setting and it will be selected by default)
2024-12-09T21:22:45.329+01:00  WARN 6192 --- [GameHub] [           main] org.hibernate.orm.deprecation            : HHH90000026: MySQL8Dialect has been deprecated; use org.hibernate.dialect.MySQLDialect instead
2024-12-09T21:22:46.191+01:00  INFO 6192 --- [GameHub] [           main] o.h.e.t.j.p.i.JtaPlatformInitiator       : HHH000489: No JTA platform available (set 'hibernate.transaction.jta.platform' to enable JTA platform integration)
2024-12-09T21:22:46.410+01:00 DEBUG 6192 --- [GameHub] [           main] org.hibernate.SQL                        : 
    alter table foro 
       modify column categoria enum ('ARTES_GRAFICAS','AYUDA','CINE_Y_SERIES','COMUNIDAD','CULTURA_GAMER','DESARROLLO_DE_JUEGOS','DISCUSION_GENERAL','EVENTOS','HARDWARE','MODDING','MUSICA','NOTICIAS','NOVEDADES_TECNOLOGICAS','REVIEW_DE_JUEGOS','SALUD_Y_BIENESTAR','SUGERENCIAS','VIDEOJUEGOS') not null
Hibernate: 
    alter table foro 
       modify column categoria enum ('ARTES_GRAFICAS','AYUDA','CINE_Y_SERIES','COMUNIDAD','CULTURA_GAMER','DESARROLLO_DE_JUEGOS','DISCUSION_GENERAL','EVENTOS','HARDWARE','MODDING','MUSICA','NOTICIAS','NOVEDADES_TECNOLOGICAS','REVIEW_DE_JUEGOS','SALUD_Y_BIENESTAR','SUGERENCIAS','VIDEOJUEGOS') not null
2024-12-09T21:22:47.589+01:00 DEBUG 6192 --- [GameHub] [           main] org.hibernate.SQL                        : 
    alter table juego_plataformas 
       add constraint FK2hw0bxw7ajqvjtr60vik6eetr 
       foreign key (juego_id) 
       references biblioteca_juego (id)
Hibernate: 
    alter table juego_plataformas 
       add constraint FK2hw0bxw7ajqvjtr60vik6eetr 
       foreign key (juego_id) 
       references biblioteca_juego (id)
2024-12-09T21:22:48.677+01:00  INFO 6192 --- [GameHub] [           main] j.LocalContainerEntityManagerFactoryBean : Initialized JPA EntityManagerFactory for persistence unit 'default'
2024-12-09T21:22:49.102+01:00  INFO 6192 --- [GameHub] [           main] o.s.d.j.r.query.QueryEnhancerFactory     : Hibernate is in classpath; If applicable, HQL parser will be used.
2024-12-09T21:22:49.513+01:00  WARN 6192 --- [GameHub] [           main] JpaBaseConfiguration$JpaWebConfiguration : spring.jpa.open-in-view is enabled by default. Therefore, database queries may be performed during view rendering. Explicitly configure spring.jpa.open-in-view to disable this warning
2024-12-09T21:22:49.536+01:00  INFO 6192 --- [GameHub] [           main] r$InitializeUserDetailsManagerConfigurer : Global AuthenticationManager configured with UserDetailsService bean with name customUserDetailsService
2024-12-09T21:22:49.857+01:00  INFO 6192 --- [GameHub] [           main] o.s.s.web.DefaultSecurityFilterChain     : Will secure any request with [org.springframework.security.web.session.DisableEncodeUrlFilter@3a8ae302, org.springframework.security.web.context.request.async.WebAsyncManagerIntegrationFilter@65134e6c, org.springframework.security.web.context.SecurityContextHolderFilter@3b870ed3, org.springframework.security.web.header.HeaderWriterFilter@2ea2f965, org.springframework.web.filter.CorsFilter@3fd93330, org.springframework.security.web.csrf.CsrfFilter@23938caa, org.springframework.security.web.authentication.logout.LogoutFilter@7a3c541e, org.springframework.security.web.authentication.UsernamePasswordAuthenticationFilter@3edc999f, org.springframework.security.web.savedrequest.RequestCacheAwareFilter@4cd886b7, org.springframework.security.web.servletapi.SecurityContextHolderAwareRequestFilter@551fefe8, org.springframework.security.web.authentication.AnonymousAuthenticationFilter@32ff3c98, org.springframework.security.web.access.ExceptionTranslationFilter@674b2703, org.springframework.security.web.access.intercept.AuthorizationFilter@5860e4c3]
2024-12-09T21:22:50.162+01:00  INFO 6192 --- [GameHub] [           main] com.example.demo.DemoApplicationTests    : Started DemoApplicationTests in 7.582 seconds (process running for 8.431)
]]></system-out>
  </testcase>
</testsuite>